
--- 2023-12-22T08:44:18.488Z debug
🐛 Writing logs to ".wrangler\logs\wrangler-2023-12-22_08-44-18_309.log"
---

--- 2023-12-22T08:44:18.488Z debug
Failed to load .env file ".env": Error: ENOENT: no such file or directory, open 'D:\Innovation Club\My-website\.env'
    at Object.open (node:internal/fs/sync:78:18)
    at Object.openSync (node:fs:565:17)
    at Object.readFileSync (node:fs:445:35)
    at tryLoadDotEnv (C:\Users\kaopan\AppData\Roaming\npm\node_modules\wrangler\wrangler-dist\cli.js:122671:72)
    at loadDotEnv (C:\Users\kaopan\AppData\Roaming\npm\node_modules\wrangler\wrangler-dist\cli.js:122680:12)
    at C:\Users\kaopan\AppData\Roaming\npm\node_modules\wrangler\wrangler-dist\cli.js:146614:20
    at C:\Users\kaopan\AppData\Roaming\npm\node_modules\wrangler\wrangler-dist\cli.js:130116:16
    at maybeAsyncResult (C:\Users\kaopan\AppData\Roaming\npm\node_modules\wrangler\wrangler-dist\cli.js:128337:44)
    at C:\Users\kaopan\AppData\Roaming\npm\node_modules\wrangler\wrangler-dist\cli.js:130115:14
    at C:\Users\kaopan\AppData\Roaming\npm\node_modules\wrangler\wrangler-dist\cli.js:128324:22 {
  errno: -4058,
  code: 'ENOENT',
  syscall: 'open',
  path: 'D:\\Innovation Club\\My-website\\.env'
}
---

--- 2023-12-22T08:44:18.496Z log
 ⛅️ wrangler 3.17.0 (update available [32m3.22.1[39m)
[38;2;255;136;0m-------------------------------------------------------[39m
---

--- 2023-12-22T08:44:19.641Z log
Using npm as package manager.
---

--- 2023-12-22T08:44:19.719Z warn
[33m▲ [43;33m[[43;30mWARNING[43;33m][0m [1mThe `init` command is no longer supported. Please use `npm create cloudflare\@2 -- demo-r2` instead.[0m

  The `init` command will be removed in a future version.


---

--- 2023-12-22T08:44:19.721Z log
Running `npm create cloudflare\@2 -- demo-r2`...
---
